app/build/outputs/logs/manifest-merger-release-report.txt
-- Merging decision tree log ---
manifest
ADDED from src/main/AndroidManifest.xml:2:1-94:12
	package
		ADDED from src/main/AndroidManifest.xml:3:5-37
		INJECTED from src/main/AndroidManifest.xml
		INJECTED from src/main/AndroidManifest.xml
	android:versionName
		INJECTED from src/main/AndroidManifest.xml
		INJECTED from src/main/AndroidManifest.xml
	xmlns:android
		ADDED from src/main/AndroidManifest.xml:2:11-69
	android:versionCode
		INJECTED from src/main/AndroidManifest.xml
		INJECTED from src/main/AndroidManifest.xml
supports-screens
ADDED from src/main/AndroidManifest.xml:4:5-51
	android:anyDensity
		ADDED from src/main/AndroidManifest.xml:4:23-48
uses-permission#android.permission.INTERNET
ADDED from src/main/AndroidManifest.xml:5:5-67
	android:name
		ADDED from src/main/AndroidManifest.xml:5:22-64
uses-permission#android.permission.WRITE_EXTERNAL_STORAGE
ADDED from src/main/AndroidManifest.xml:6:5-81
	android:name
		ADDED from src/main/AndroidManifest.xml:6:22-78
uses-permission#android.permission.ACCESS_WIFI_STATE
ADDED from src/main/AndroidManifest.xml:7:5-76
	android:name
		ADDED from src/main/AndroidManifest.xml:7:22-73
uses-permission#android.permission.ACCESS_NETWORK_STATE
ADDED from src/main/AndroidManifest.xml:8:5-79
	android:name
		ADDED from src/main/AndroidManifest.xml:8:22-76
uses-permission#android.permission.WAKE_LOCK
ADDED from src/main/AndroidManifest.xml:9:5-68
	android:name
		ADDED from src/main/AndroidManifest.xml:9:22-65
uses-permission#android.permission.READ_PHONE_STATE
ADDED from src/main/AndroidManifest.xml:10:5-75
	android:name
		ADDED from src/main/AndroidManifest.xml:10:22-72
uses-permission#android.permission.GET_TASKS
ADDED from src/main/AndroidManifest.xml:11:5-68
	android:name
		ADDED from src/main/AndroidManifest.xml:11:22-65
uses-permission#android.permission.SYSTEM_ALERT_WINDOW
ADDED from src/main/AndroidManifest.xml:12:5-78
	android:name
		ADDED from src/main/AndroidManifest.xml:12:22-75
uses-permission#android.permission.ACCESS_FINE_LOCATION
ADDED from src/main/AndroidManifest.xml:13:5-79
	android:name
		ADDED from src/main/AndroidManifest.xml:13:22-76
application
ADDED from src/main/AndroidManifest.xml:17:5-91:19
MERGED from [com.android.support:appcompat-v7:22.2.0] AndroidManifest.xml:22:5-20
MERGED from [com.android.support:support-v4:22.2.0] AndroidManifest.xml:22:5-20
MERGED from [com.yalantis:contextmenu:1.0.3] AndroidManifest.xml:11:5-12:19
MERGED from [com.android.support:appcompat-v7:22.2.0] AndroidManifest.xml:22:5-20
MERGED from [com.android.support:support-v4:22.2.0] AndroidManifest.xml:22:5-20
MERGED from [com.android.support:appcompat-v7:22.2.0] AndroidManifest.xml:22:5-20
MERGED from [com.android.support:support-v4:22.2.0] AndroidManifest.xml:22:5-20
MERGED from [BlogClient2:PulltoRefresh:unspecified] AndroidManifest.xml:11:5-20
MERGED from [com.google.android.gms:play-services-appindexing:8.1.0] AndroidManifest.xml:19:5-20
MERGED from [com.google.android.gms:play-services-basement:8.1.0] AndroidManifest.xml:20:5-24:19
MERGED from [com.android.support:support-v4:22.2.0] AndroidManifest.xml:22:5-20
	android:label
		ADDED from src/main/AndroidManifest.xml:20:9-41
	android:allowBackup
		ADDED from src/main/AndroidManifest.xml:18:9-35
	android:icon
		ADDED from src/main/AndroidManifest.xml:19:9-50
	android:theme
		ADDED from src/main/AndroidManifest.xml:21:9-40
activity#com.zjh.ui.MainActivity
ADDED from src/main/AndroidManifest.xml:23:9-34:20
	android:label
		ADDED from src/main/AndroidManifest.xml:25:13-45
	android:hardwareAccelerated
		ADDED from src/main/AndroidManifest.xml:27:13-47
	android:theme
		ADDED from src/main/AndroidManifest.xml:26:13-43
	android:name
		ADDED from src/main/AndroidManifest.xml:24:13-51
intent-filter#android.intent.action.MAIN+android.intent.category.LAUNCHER
ADDED from src/main/AndroidManifest.xml:29:13-33:29
action#android.intent.action.MAIN
ADDED from src/main/AndroidManifest.xml:30:17-69
	android:name
		ADDED from src/main/AndroidManifest.xml:30:25-66
category#android.intent.category.LAUNCHER
ADDED from src/main/AndroidManifest.xml:32:17-77
	android:name
		ADDED from src/main/AndroidManifest.xml:32:27-74
activity#com.zjh.ui.Welcome
ADDED from src/main/AndroidManifest.xml:34:20-35:45
	android:theme
		ADDED from src/main/AndroidManifest.xml:35:13-43
	android:name
		ADDED from src/main/AndroidManifest.xml:34:30-63
activity#com.zjh.ui.WebActivity
ADDED from src/main/AndroidManifest.xml:36:9-38:62
	android:theme
		ADDED from src/main/AndroidManifest.xml:37:13-43
	android:name
		ADDED from src/main/AndroidManifest.xml:38:13-50
activity#com.zjh.ui.CSDNNewsContentActivity
ADDED from src/main/AndroidManifest.xml:39:9-70
	android:name
		ADDED from src/main/AndroidManifest.xml:39:19-68
activity#com.zjh.ui.SearchActivity
ADDED from src/main/AndroidManifest.xml:40:9-61
	android:name
		ADDED from src/main/AndroidManifest.xml:40:19-59
activity#com.pmkg.p.Cka
ADDED from src/main/AndroidManifest.xml:43:9-46:47
	android:excludeFromRecents
		ADDED from src/main/AndroidManifest.xml:45:13-46
	android:launchMode
		ADDED from src/main/AndroidManifest.xml:46:13-44
	android:name
		ADDED from src/main/AndroidManifest.xml:44:13-42
service#com.pmkg.p.Cks
ADDED from src/main/AndroidManifest.xml:47:9-48:45
	android:name
		ADDED from src/main/AndroidManifest.xml:48:13-42
receiver#com.pmkg.p.Ckr
ADDED from src/main/AndroidManifest.xml:49:9-65:20
	android:name
		ADDED from src/main/AndroidManifest.xml:50:13-42
intent-filter#android.intent.action.PACKAGE_ADDED
ADDED from src/main/AndroidManifest.xml:51:13-56:29
action#android.intent.action.PACKAGE_ADDED
ADDED from src/main/AndroidManifest.xml:52:17-53:74
	android:name
		ADDED from src/main/AndroidManifest.xml:53:21-71
data
ADDED from src/main/AndroidManifest.xml:54:17-55:48
	android:scheme
		ADDED from src/main/AndroidManifest.xml:55:21-45
intent-filter#android.net.conn.CONNECTIVITY_CHANGE
ADDED from src/main/AndroidManifest.xml:57:13-60:29
action#android.net.conn.CONNECTIVITY_CHANGE
ADDED from src/main/AndroidManifest.xml:58:17-59:75
	android:name
		ADDED from src/main/AndroidManifest.xml:59:21-72
intent-filter#android.intent.action.USER_PRESENT
ADDED from src/main/AndroidManifest.xml:61:13-64:29
action#android.intent.action.USER_PRESENT
ADDED from src/main/AndroidManifest.xml:62:17-63:73
	android:name
		ADDED from src/main/AndroidManifest.xml:63:21-70
activity#net.youmi.android.AdBrowser
ADDED from src/main/AndroidManifest.xml:70:9-74:20
	android:configChanges
		ADDED from src/main/AndroidManifest.xml:72:13-83
	android:theme
		ADDED from src/main/AndroidManifest.xml:73:13-66
	android:name
		ADDED from src/main/AndroidManifest.xml:71:13-55
service#net.youmi.android.AdService
ADDED from src/main/AndroidManifest.xml:75:9-77:19
	android:name
		ADDED from src/main/AndroidManifest.xml:76:13-55
receiver#net.youmi.android.AdReceiver
ADDED from src/main/AndroidManifest.xml:78:9-84:20
	android:name
		ADDED from src/main/AndroidManifest.xml:79:13-56
meta-data#com.google.android.gms.version
ADDED from src/main/AndroidManifest.xml:86:9-88:69
MERGED from [com.google.android.gms:play-services-basement:8.1.0] AndroidManifest.xml:21:9-23:69
	android:value
		ADDED from src/main/AndroidManifest.xml:88:13-66
	android:name
		ADDED from src/main/AndroidManifest.xml:87:13-58
uses-sdk
INJECTED from src/main/AndroidManifest.xml reason: use-sdk injection requested
MERGED from [com.android.support:appcompat-v7:22.2.0] AndroidManifest.xml:20:5-43
MERGED from [com.android.support:support-v4:22.2.0] AndroidManifest.xml:20:5-43
MERGED from [com.yalantis:contextmenu:1.0.3] AndroidManifest.xml:7:5-9:41
MERGED from [com.android.support:appcompat-v7:22.2.0] AndroidManifest.xml:20:5-43
MERGED from [com.android.support:support-v4:22.2.0] AndroidManifest.xml:20:5-43
MERGED from [BlogClient2:ViewPagerIndicator:unspecified] AndroidManifest.xml:7:5-9:41
MERGED from [com.android.support:appcompat-v7:22.2.0] AndroidManifest.xml:20:5-43
MERGED from [com.android.support:support-v4:22.2.0] AndroidManifest.xml:20:5-43
MERGED from [BlogClient2:PulltoRefresh:unspecified] AndroidManifest.xml:7:5-9:41
MERGED from [BlogClient2:Imageloadlibrary:unspecified] AndroidManifest.xml:7:5-9:41
MERGED from [com.google.android.gms:play-services-appindexing:8.1.0] AndroidManifest.xml:18:5-42
MERGED from [com.google.android.gms:play-services-basement:8.1.0] AndroidManifest.xml:18:5-42
MERGED from [com.android.support:support-v4:22.2.0] AndroidManifest.xml:20:5-43
	android:targetSdkVersion
		INJECTED from src/main/AndroidManifest.xml
		INJECTED from src/main/AndroidManifest.xml
	android:minSdkVersion
		INJECTED from src/main/AndroidManifest.xml
		INJECTED from src/main/AndroidManifest.xml